<?xml version="1.0" encoding="UTF-8"?>
<testng-results ignored="0" total="1" passed="1" failed="0" skipped="0">
  <reporter-output>
  </reporter-output>
  <suite started-at="2020-12-25T16:53:05 IST" name="Default suite" finished-at="2020-12-25T16:53:18 IST" duration-ms="13340">
    <groups>
    </groups>
    <test started-at="2020-12-25T16:53:05 IST" name="Default test" finished-at="2020-12-25T16:53:18 IST" duration-ms="13340">
      <class name="Urgent.Class1">
        <test-method signature="LoginSF()[pri:0, instance:Urgent.Class1@4690b489]" started-at="2020-12-25T16:53:05 IST" name="LoginSF" finished-at="2020-12-25T16:53:18 IST" duration-ms="13238" status="PASS">
          <reporter-output>
          </reporter-output>
        </test-method> <!-- LoginSF -->
      </class> <!-- Urgent.Class1 -->
    </test> <!-- Default test -->
  </suite> <!-- Default suite -->
</testng-results>
